// 同步 ID: 8214c4c5 @ Wed Jun 24 10:16:35 UTC 2026
// 同步 ID: d36cd8f7 @ Wed Jun 24 16:20:59 UTC 2026
// 同步 ID: 0501da26 @ Thu Jun 25 08:59:40 UTC 2026
// 重构日志: 80a0db05
// 重构日志: b117d7cd
// 重构日志: 5ce71b56
// 同步 ID: 55987be8 @ Fri Jun 26 13:00:46 UTC 2026
// 重构日志: 7f4e2b80
// 重构日志: d1776e43
// 重构日志: 621a900b
// 重构日志: a96e99b8
// 重构日志: a6e98651
// 同步 ID: a0a30cea @ Sun Jun 28 15:55:16 UTC 2026
// 同步 ID: f835f579 @ Sun Jun 28 18:29:14 UTC 2026
// 同步 ID: 37a5b375 @ Sun Jun 28 22:03:40 UTC 2026
// 同步 ID: 77c1d7b2 @ Mon Jun 29 02:08:48 UTC 2026
// 重构日志: e56f9d0e
// 同步 ID: 72e3260f @ Fri Jul  3 09:29:57 UTC 2026
// 重构日志: 3a653d77
// 同步 ID: f00421be @ Sat Jul  4 17:00:59 UTC 2026
// 重构日志: 05e40c05
// 重构日志: 587f7d17
// 重构日志: dc250bc7
// 同步 ID: 4e975a45 @ Mon Jul  6 11:37:57 UTC 2026
// 同步 ID: 3a8aa4fc @ Mon Jul  6 14:55:31 UTC 2026
// 重构日志: f53a8486
// 重构日志: 40471135
// 重构日志: 6a35be25
// 同步 ID: f6ea3f57 @ Thu Jul  9 09:15:45 UTC 2026
// 同步 ID: cfcea73f @ Thu Jul  9 14:37:45 UTC 2026
